
Inactive Modules:
  1) CUDA/11.6.0                     8) binutils/2.37-GCCcore-11.2.0
  2) GCCcore/11.2.0                  9) bzip2/1.0.8-GCCcore-11.2.0
  3) GMP/6.2.1-GCCcore-11.2.0       10) libffi/3.4.2-GCCcore-11.2.0
  4) Python/3.9.6-GCCcore-11.2.0    11) libreadline/8.1-GCCcore-11.2.0
  5) SQLite/3.36-GCCcore-11.2.0     12) ncurses/6.2-GCCcore-11.2.0
  6) Tcl/8.6.11-GCCcore-11.2.0      13) zlib/1.2.11-GCCcore-11.2.0
  7) XZ/5.2.5-GCCcore-11.2.0

Due to MODULEPATH changes, the following have been reloaded:
  1) OpenSSL/1.1

The following have been reloaded with a version change:
  1) releases/2021b => releases/2023b


Activating Modules:
  1) GCCcore/13.2.0                   7) bzip2/1.0.8-GCCcore-13.2.0
  2) Python/3.11.5-GCCcore-13.2.0     8) libffi/3.4.4-GCCcore-13.2.0
  3) SQLite/3.43.1-GCCcore-13.2.0     9) libreadline/8.2-GCCcore-13.2.0
  4) Tcl/8.6.13-GCCcore-13.2.0       10) ncurses/6.4-GCCcore-13.2.0
  5) XZ/5.4.4-GCCcore-13.2.0         11) zlib/1.2.13-GCCcore-13.2.0
  6) binutils/2.40-GCCcore-13.2.0


Activating Modules:
  1) CUDA/12.5.0

wandb: Currently logged in as: dany404 to https://api.wandb.ai. Use `wandb login --relogin` to force relogin
wandb: Tracking run with wandb version 0.23.1
wandb: Run data is saved locally in /auto/home/users/d/a/darimez/MIRO/vllmcluster/wandb/run-20251226_002210-gxxw0m5n
wandb: Run `wandb offline` to turn off syncing.
wandb: Syncing run knn
wandb: ‚≠êÔ∏è View project at https://wandb.ai/miro-unet/VLLM%20clustering
wandb: üöÄ View run at https://wandb.ai/miro-unet/VLLM%20clustering/runs/gxxw0m5n
wandb: wandb.init() called while a run is active and reinit is set to 'default', so returning the previous run.
root - INFO - Computing 2016 rows for table dino
Traceback (most recent call last):
  File "/auto/home/users/d/a/darimez/MIRO/vllmcluster/dino/lib/python3.11/site-packages/pandas/io/sql.py", line 2664, in execute
    cur.execute(sql, *args)
sqlite3.OperationalError: no such column: yolo12s_cb96d590

The above exception was the direct cause of the following exception:

Traceback (most recent call last):
  File "/auto/home/users/d/a/darimez/MIRO/vllmcluster/main.py", line 155, in <module>
    main(args)
  File "/auto/home/users/d/a/darimez/MIRO/vllmcluster/main.py", line 113, in main
    KNN(args)
  File "/auto/home/users/d/a/darimez/MIRO/vllmcluster/evaluate_clusters.py", line 475, in KNN
    process_table(tasks[table_name], records, table, table_name)
  File "/auto/home/users/d/a/darimez/MIRO/vllmcluster/evaluate_clusters.py", line 318, in process_table
    embeddings = load_embeddings(
                 ^^^^^^^^^^^^^^^^
  File "/auto/home/users/d/a/darimez/MIRO/vllmcluster/utils.py", line 73, in load_embeddings
    df = pd.read_sql_query(
         ^^^^^^^^^^^^^^^^^^
  File "/auto/home/users/d/a/darimez/MIRO/vllmcluster/dino/lib/python3.11/site-packages/pandas/io/sql.py", line 528, in read_sql_query
    return pandas_sql.read_query(
           ^^^^^^^^^^^^^^^^^^^^^^
  File "/auto/home/users/d/a/darimez/MIRO/vllmcluster/dino/lib/python3.11/site-packages/pandas/io/sql.py", line 2728, in read_query
    cursor = self.execute(sql, params)
             ^^^^^^^^^^^^^^^^^^^^^^^^^
  File "/auto/home/users/d/a/darimez/MIRO/vllmcluster/dino/lib/python3.11/site-packages/pandas/io/sql.py", line 2676, in execute
    raise ex from exc
pandas.errors.DatabaseError: Execution failed on sql 'SELECT x,y FROM embeddings WHERE run_id=yolo12s_cb96d590 ORDER BY id': no such column: yolo12s_cb96d590
